<?xml version="1.0" encoding="UTF-8"?>
<testsuite name="com.SeleniumTests" tests="1" skipped="0" failures="0" errors="0" timestamp="2020-01-10T04:41:27" hostname="admin" time="27.239">
  <properties/>
  <testcase name="testName" classname="com.SeleniumTests" time="27.239"/>
  <system-out><![CDATA[]]></system-out>
  <system-err><![CDATA[Starting ChromeDriver 79.0.3945.36 (3582db32b33893869b8c1339e8f4d9ed1816f143-refs/branch-heads/3945@{#614}) on port 4054
Only local connections are allowed.
Please protect ports used by ChromeDriver and related test frameworks to prevent access by malicious code.
Jan 10, 2020 10:11:27 AM org.openqa.selenium.remote.ProtocolHandshake createSession
INFO: Detected dialect: W3C
]]></system-err>
</testsuite>
