<?xml version="1.0" encoding="UTF-8"?>
<testsuite name="com.SeleniumTests" tests="1" skipped="0" failures="0" errors="0" timestamp="2020-01-11T09:43:37" hostname="admin" time="13.535">
  <properties/>
  <testcase name="LoginWith_XpathAndCssSelector" classname="com.SeleniumTests" time="13.535"/>
  <system-out><![CDATA[]]></system-out>
  <system-err><![CDATA[Starting ChromeDriver 79.0.3945.36 (3582db32b33893869b8c1339e8f4d9ed1816f143-refs/branch-heads/3945@{#614}) on port 15548
Only local connections are allowed.
Please protect ports used by ChromeDriver and related test frameworks to prevent access by malicious code.
Jan 11, 2020 3:13:37 PM org.openqa.selenium.remote.ProtocolHandshake createSession
INFO: Detected dialect: W3C
]]></system-err>
</testsuite>
